{"sessionId":"d8eb0f","runId":"post-fix","hypothesisId":"H-C","location":"current-user.ts:getCurrentUserState","message":"about to call connection()","data":{},"timestamp":1784677535861}
{"sessionId":"d8eb0f","runId":"post-fix","hypothesisId":"H-C","location":"current-user.ts:getCurrentUserState","message":"about to call connection()","data":{},"timestamp":1784677563774}
{"sessionId":"d8eb0f","runId":"post-fix","hypothesisId":"H-D","location":"enforce-api-rate-limit.ts:entry","message":"enforceApiRateLimit called","data":{"hasRequest":true,"requestType":"object","bucket":"team","userIdPresent":true},"timestamp":1784677564997}
{"sessionId":"d8eb0f","runId":"post-fix","hypothesisId":"H-C","location":"current-user.ts:getCurrentUserState","message":"about to call connection()","data":{},"timestamp":1784677569459}
{"sessionId":"d8eb0f","runId":"post-fix","hypothesisId":"H-C","location":"current-user.ts:getCurrentUserState","message":"about to call connection()","data":{},"timestamp":1784677603573}
{"sessionId":"d8eb0f","runId":"post-fix","hypothesisId":"H-C","location":"current-user.ts:getCurrentUserState","message":"about to call connection()","data":{},"timestamp":1784677604746}
{"sessionId":"d8eb0f","runId":"post-fix","hypothesisId":"H-C","location":"current-user.ts:getCurrentUserState","message":"about to call connection()","data":{},"timestamp":1784677604997}
{"sessionId":"d8eb0f","runId":"post-fix","hypothesisId":"H-C","location":"current-user.ts:getCurrentUserState","message":"about to call connection()","data":{},"timestamp":1784677605455}
{"sessionId":"d8eb0f","runId":"post-fix","hypothesisId":"H-C","location":"current-user.ts:getCurrentUserState","message":"about to call connection()","data":{},"timestamp":1784677605614}
{"sessionId":"d8eb0f","runId":"post-fix","hypothesisId":"H-C","location":"current-user.ts:getCurrentUserState","message":"about to call connection()","data":{},"timestamp":1784677606107}
{"sessionId":"d8eb0f","runId":"post-fix","hypothesisId":"H-C","location":"current-user.ts:getCurrentUserState","message":"about to call connection()","data":{},"timestamp":1784677607189}
{"sessionId":"d8eb0f","runId":"post-fix","hypothesisId":"H-C","location":"current-user.ts:getCurrentUserState","message":"about to call connection()","data":{},"timestamp":1784677607369}
{"sessionId":"d8eb0f","runId":"post-fix","hypothesisId":"H-C","location":"current-user.ts:getCurrentUserState","message":"about to call connection()","data":{},"timestamp":1784677613485}
{"sessionId":"d8eb0f","runId":"post-fix","hypothesisId":"H-C","location":"current-user.ts:getCurrentUserState","message":"about to call connection()","data":{},"timestamp":1784677613743}
{"sessionId":"d8eb0f","runId":"post-fix","hypothesisId":"H-C","location":"current-user.ts:getCurrentUserState","message":"about to call connection()","data":{},"timestamp":1784677620856}
{"sessionId":"d8eb0f","runId":"post-fix","hypothesisId":"H-C","location":"current-user.ts:getCurrentUserState","message":"about to call connection()","data":{},"timestamp":1784677752996}
{"sessionId":"d8eb0f","runId":"post-fix","hypothesisId":"H-C","location":"current-user.ts:getCurrentUserState","message":"about to call connection()","data":{},"timestamp":1784677759945}
{"sessionId":"d8eb0f","runId":"post-fix","hypothesisId":"H-C","location":"current-user.ts:getCurrentUserState","message":"about to call connection()","data":{},"timestamp":1784677762679}
{"sessionId":"d8eb0f","runId":"post-fix","hypothesisId":"H-C","location":"current-user.ts:getCurrentUserState","message":"about to call connection()","data":{},"timestamp":1784677765691}
{"sessionId":"d8eb0f","runId":"post-fix","hypothesisId":"H-C","location":"current-user.ts:getCurrentUserState","message":"about to call connection()","data":{},"timestamp":1784677765970}
{"sessionId":"d8eb0f","runId":"post-fix","hypothesisId":"H-C","location":"current-user.ts:getCurrentUserState","message":"about to call connection()","data":{},"timestamp":1784678161349}
{"sessionId":"d8eb0f","runId":"post-fix","hypothesisId":"H-C","location":"current-user.ts:getCurrentUserState","message":"about to call connection()","data":{},"timestamp":1784680964672}
{"sessionId":"d8eb0f","runId":"post-fix","hypothesisId":"H-C","location":"current-user.ts:getCurrentUserState","message":"about to call connection()","data":{},"timestamp":1784681405710}
{"sessionId":"d8eb0f","runId":"post-fix","hypothesisId":"H-C","location":"current-user.ts:getCurrentUserState","message":"about to call connection()","data":{},"timestamp":1784778333635}
{"sessionId":"d8eb0f","runId":"post-fix","hypothesisId":"H-C","location":"current-user.ts:getCurrentUserState","message":"about to call connection()","data":{},"timestamp":1784778429873}
{"sessionId":"d8eb0f","runId":"post-fix","hypothesisId":"H-D","location":"enforce-api-rate-limit.ts:entry","message":"enforceApiRateLimit called","data":{"hasRequest":true,"requestType":"object","bucket":"team","userIdPresent":true},"timestamp":1784778431024}
{"sessionId":"d8eb0f","runId":"post-fix","hypothesisId":"H-C","location":"current-user.ts:getCurrentUserState","message":"about to call connection()","data":{},"timestamp":1784778515442}
{"sessionId":"d8eb0f","runId":"post-fix","hypothesisId":"H-C","location":"current-user.ts:getCurrentUserState","message":"about to call connection()","data":{},"timestamp":1784778515883}
{"sessionId":"d8eb0f","runId":"post-fix","hypothesisId":"H-C","location":"current-user.ts:getCurrentUserState","message":"about to call connection()","data":{},"timestamp":1784778520159}
{"sessionId":"d8eb0f","runId":"post-fix","hypothesisId":"H-C","location":"current-user.ts:getCurrentUserState","message":"about to call connection()","data":{},"timestamp":1784778527142}
{"sessionId":"d8eb0f","runId":"post-fix","hypothesisId":"H-C","location":"current-user.ts:getCurrentUserState","message":"about to call connection()","data":{},"timestamp":1784778592148}
{"sessionId":"d8eb0f","runId":"post-fix","hypothesisId":"H-C","location":"current-user.ts:getCurrentUserState","message":"about to call connection()","data":{},"timestamp":1784778593223}
{"sessionId":"d8eb0f","runId":"post-fix","hypothesisId":"H-D","location":"enforce-api-rate-limit.ts:entry","message":"enforceApiRateLimit called","data":{"hasRequest":true,"requestType":"object","bucket":"team","userIdPresent":true},"timestamp":1784778593519}
{"sessionId":"d8eb0f","runId":"post-fix","hypothesisId":"H-C","location":"current-user.ts:getCurrentUserState","message":"about to call connection()","data":{},"timestamp":1784778594920}
{"sessionId":"d8eb0f","runId":"post-fix","hypothesisId":"H-C","location":"current-user.ts:getCurrentUserState","message":"about to call connection()","data":{},"timestamp":1784778595016}
{"sessionId":"d8eb0f","runId":"post-fix","hypothesisId":"H-C","location":"current-user.ts:getCurrentUserState","message":"about to call connection()","data":{},"timestamp":1784779012363}
{"sessionId":"d8eb0f","runId":"post-fix","hypothesisId":"H-C","location":"current-user.ts:getCurrentUserState","message":"about to call connection()","data":{},"timestamp":1784779025360}
{"sessionId":"d8eb0f","runId":"post-fix","hypothesisId":"H-C","location":"current-user.ts:getCurrentUserState","message":"about to call connection()","data":{},"timestamp":1784779040395}
{"sessionId":"d8eb0f","runId":"post-fix","hypothesisId":"H-C","location":"current-user.ts:getCurrentUserState","message":"about to call connection()","data":{},"timestamp":1784779061392}
{"sessionId":"d8eb0f","runId":"post-fix","hypothesisId":"H-C","location":"current-user.ts:getCurrentUserState","message":"about to call connection()","data":{},"timestamp":1784779070697}
{"sessionId":"d8eb0f","runId":"post-fix","hypothesisId":"H-C","location":"current-user.ts:getCurrentUserState","message":"about to call connection()","data":{},"timestamp":1784779071314}
{"sessionId":"d8eb0f","runId":"post-fix","hypothesisId":"H-C","location":"current-user.ts:getCurrentUserState","message":"about to call connection()","data":{},"timestamp":1784779073597}
{"sessionId":"d8eb0f","runId":"post-fix","hypothesisId":"H-D","location":"enforce-api-rate-limit.ts:entry","message":"enforceApiRateLimit called","data":{"hasRequest":true,"requestType":"object","bucket":"team","userIdPresent":true},"timestamp":1784779073945}
{"sessionId":"d8eb0f","runId":"post-fix","hypothesisId":"H-C","location":"current-user.ts:getCurrentUserState","message":"about to call connection()","data":{},"timestamp":1784779078847}
{"sessionId":"d8eb0f","runId":"post-fix","hypothesisId":"H-C","location":"current-user.ts:getCurrentUserState","message":"about to call connection()","data":{},"timestamp":1784779081857}
{"sessionId":"d8eb0f","runId":"post-fix","hypothesisId":"H-C","location":"current-user.ts:getCurrentUserState","message":"about to call connection()","data":{},"timestamp":1784779082151}
{"sessionId":"d8eb0f","runId":"post-fix","hypothesisId":"H-C","location":"current-user.ts:getCurrentUserState","message":"about to call connection()","data":{},"timestamp":1784779083924}
{"sessionId":"d8eb0f","runId":"post-fix","hypothesisId":"H-C","location":"current-user.ts:getCurrentUserState","message":"about to call connection()","data":{},"timestamp":1784779086260}
{"sessionId":"d8eb0f","runId":"post-fix","hypothesisId":"H-C","location":"current-user.ts:getCurrentUserState","message":"about to call connection()","data":{},"timestamp":1784779088821}
{"sessionId":"d8eb0f","runId":"post-fix","hypothesisId":"H-C","location":"current-user.ts:getCurrentUserState","message":"about to call connection()","data":{},"timestamp":1784779090680}
{"sessionId":"d8eb0f","runId":"post-fix","hypothesisId":"H-C","location":"current-user.ts:getCurrentUserState","message":"about to call connection()","data":{},"timestamp":1784779110286}
{"sessionId":"d8eb0f","runId":"post-fix","hypothesisId":"H-C","location":"current-user.ts:getCurrentUserState","message":"about to call connection()","data":{},"timestamp":1784779117172}
{"sessionId":"d8eb0f","runId":"post-fix","hypothesisId":"H-C","location":"current-user.ts:getCurrentUserState","message":"about to call connection()","data":{},"timestamp":1784779121974}
{"sessionId":"d8eb0f","runId":"post-fix","hypothesisId":"H-C","location":"current-user.ts:getCurrentUserState","message":"about to call connection()","data":{},"timestamp":1784779129371}
{"sessionId":"d8eb0f","runId":"post-fix","hypothesisId":"H-C","location":"current-user.ts:getCurrentUserState","message":"about to call connection()","data":{},"timestamp":1784779134239}
{"sessionId":"d8eb0f","runId":"post-fix","hypothesisId":"H-C","location":"current-user.ts:getCurrentUserState","message":"about to call connection()","data":{},"timestamp":1784779136652}
{"sessionId":"d8eb0f","runId":"post-fix","hypothesisId":"H-D","location":"enforce-api-rate-limit.ts:entry","message":"enforceApiRateLimit called","data":{"hasRequest":true,"requestType":"object","bucket":"team","userIdPresent":true},"timestamp":1784779136969}
{"sessionId":"d8eb0f","runId":"post-fix","hypothesisId":"H-C","location":"current-user.ts:getCurrentUserState","message":"about to call connection()","data":{},"timestamp":1784779159877}
{"sessionId":"d8eb0f","timestamp":1784779160443,"runId":"post-fix","hypothesisId":"H-A","location":"inventory/route.ts:POST:permissions","message":"inventory POST after permissions","data":{"authorized":true,"scope":"TEAM","hasRequest":true}}
{"sessionId":"d8eb0f","timestamp":1784779160460,"runId":"post-fix","hypothesisId":"H-A","location":"inventory/route.ts:POST:permissions","message":"inventory POST after permissions","data":{"authorized":true,"scope":"GLOBAL","hasRequest":true}}
{"sessionId":"d8eb0f","timestamp":1784779160462,"runId":"post-fix","hypothesisId":"H-A","location":"inventory/route.ts:POST:currentUser","message":"inventory POST getCurrentUser result","data":{"hasCurrentUser":true,"userId":"user-abc"}}
{"sessionId":"d8eb0f","timestamp":1784779160463,"runId":"post-fix","hypothesisId":"H-B","location":"inventory/route.ts:POST:rateLimit","message":"inventory POST after rate limit","data":{"wasLimited":false,"limitedStatus":null}}
{"sessionId":"d8eb0f","timestamp":1784779160467,"runId":"post-fix","hypothesisId":"H-A","location":"inventory/route.ts:POST:permissions","message":"inventory POST after permissions","data":{"authorized":true,"scope":"GLOBAL","hasRequest":true}}
{"sessionId":"d8eb0f","timestamp":1784779160469,"runId":"post-fix","hypothesisId":"H-A","location":"inventory/route.ts:POST:currentUser","message":"inventory POST getCurrentUser result","data":{"hasCurrentUser":true,"userId":"user-abc"}}
{"sessionId":"d8eb0f","timestamp":1784779160470,"runId":"post-fix","hypothesisId":"H-B","location":"inventory/route.ts:POST:rateLimit","message":"inventory POST after rate limit","data":{"wasLimited":false,"limitedStatus":null}}
{"sessionId":"d8eb0f","timestamp":1784779160477,"runId":"post-fix","hypothesisId":"H-A","location":"inventory/route.ts:POST:permissions","message":"inventory POST after permissions","data":{"authorized":true,"scope":"GLOBAL","hasRequest":true}}
{"sessionId":"d8eb0f","timestamp":1784779160479,"runId":"post-fix","hypothesisId":"H-A","location":"inventory/route.ts:POST:currentUser","message":"inventory POST getCurrentUser result","data":{"hasCurrentUser":true,"userId":"user-abc"}}
{"sessionId":"d8eb0f","timestamp":1784779160482,"runId":"post-fix","hypothesisId":"H-B","location":"inventory/route.ts:POST:rateLimit","message":"inventory POST after rate limit","data":{"wasLimited":false,"limitedStatus":null}}
{"sessionId":"d8eb0f","timestamp":1784779160486,"runId":"post-fix","hypothesisId":"H-A","location":"inventory/route.ts:POST:permissions","message":"inventory POST after permissions","data":{"authorized":true,"scope":"GLOBAL","hasRequest":true}}
{"sessionId":"d8eb0f","timestamp":1784779160487,"runId":"post-fix","hypothesisId":"H-A","location":"inventory/route.ts:POST:currentUser","message":"inventory POST getCurrentUser result","data":{"hasCurrentUser":true,"userId":"user-abc"}}
{"sessionId":"d8eb0f","timestamp":1784779160489,"runId":"post-fix","hypothesisId":"H-B","location":"inventory/route.ts:POST:rateLimit","message":"inventory POST after rate limit","data":{"wasLimited":false,"limitedStatus":null}}
{"sessionId":"d8eb0f","timestamp":1784779160516,"runId":"post-fix","hypothesisId":"H-A","location":"inventory/route.ts:POST:permissions","message":"inventory POST after permissions","data":{"authorized":true,"scope":"GLOBAL","hasRequest":true}}
{"sessionId":"d8eb0f","timestamp":1784779160517,"runId":"post-fix","hypothesisId":"H-A","location":"inventory/route.ts:POST:currentUser","message":"inventory POST getCurrentUser result","data":{"hasCurrentUser":true,"userId":"user-abc"}}
{"sessionId":"d8eb0f","timestamp":1784779160518,"runId":"post-fix","hypothesisId":"H-B","location":"inventory/route.ts:POST:rateLimit","message":"inventory POST after rate limit","data":{"wasLimited":false,"limitedStatus":null}}
{"sessionId":"d8eb0f","runId":"post-fix","hypothesisId":"H-C","location":"current-user.ts:getCurrentUserState","message":"about to call connection()","data":{},"timestamp":1784779163275}
{"sessionId":"d8eb0f","runId":"post-fix","hypothesisId":"H-C","location":"current-user.ts:getCurrentUserState","message":"about to call connection()","data":{},"timestamp":1784779166456}
{"sessionId":"d8eb0f","runId":"post-fix","hypothesisId":"H-C","location":"current-user.ts:getCurrentUserState","message":"about to call connection()","data":{},"timestamp":1784779168377}
{"sessionId":"d8eb0f","timestamp":1784779185801,"runId":"post-fix","hypothesisId":"H-A","location":"inventory/route.ts:POST:permissions","message":"inventory POST after permissions","data":{"authorized":true,"scope":"TEAM","hasRequest":true}}
{"sessionId":"d8eb0f","timestamp":1784779185819,"runId":"post-fix","hypothesisId":"H-A","location":"inventory/route.ts:POST:permissions","message":"inventory POST after permissions","data":{"authorized":true,"scope":"GLOBAL","hasRequest":true}}
{"sessionId":"d8eb0f","timestamp":1784779185821,"runId":"post-fix","hypothesisId":"H-A","location":"inventory/route.ts:POST:currentUser","message":"inventory POST getCurrentUser result","data":{"hasCurrentUser":true,"userId":"user-abc"}}
{"sessionId":"d8eb0f","timestamp":1784779185822,"runId":"post-fix","hypothesisId":"H-B","location":"inventory/route.ts:POST:rateLimit","message":"inventory POST after rate limit","data":{"wasLimited":false,"limitedStatus":null}}
{"sessionId":"d8eb0f","timestamp":1784779185827,"runId":"post-fix","hypothesisId":"H-A","location":"inventory/route.ts:POST:permissions","message":"inventory POST after permissions","data":{"authorized":true,"scope":"GLOBAL","hasRequest":true}}
{"sessionId":"d8eb0f","timestamp":1784779185829,"runId":"post-fix","hypothesisId":"H-A","location":"inventory/route.ts:POST:currentUser","message":"inventory POST getCurrentUser result","data":{"hasCurrentUser":true,"userId":"user-abc"}}
{"sessionId":"d8eb0f","timestamp":1784779185830,"runId":"post-fix","hypothesisId":"H-B","location":"inventory/route.ts:POST:rateLimit","message":"inventory POST after rate limit","data":{"wasLimited":false,"limitedStatus":null}}
{"sessionId":"d8eb0f","timestamp":1784779185833,"runId":"post-fix","hypothesisId":"H-A","location":"inventory/route.ts:POST:permissions","message":"inventory POST after permissions","data":{"authorized":true,"scope":"GLOBAL","hasRequest":true}}
{"sessionId":"d8eb0f","timestamp":1784779185835,"runId":"post-fix","hypothesisId":"H-A","location":"inventory/route.ts:POST:currentUser","message":"inventory POST getCurrentUser result","data":{"hasCurrentUser":true,"userId":"user-abc"}}
{"sessionId":"d8eb0f","timestamp":1784779185837,"runId":"post-fix","hypothesisId":"H-B","location":"inventory/route.ts:POST:rateLimit","message":"inventory POST after rate limit","data":{"wasLimited":false,"limitedStatus":null}}
{"sessionId":"d8eb0f","timestamp":1784779185840,"runId":"post-fix","hypothesisId":"H-A","location":"inventory/route.ts:POST:permissions","message":"inventory POST after permissions","data":{"authorized":true,"scope":"GLOBAL","hasRequest":true}}
{"sessionId":"d8eb0f","timestamp":1784779185842,"runId":"post-fix","hypothesisId":"H-A","location":"inventory/route.ts:POST:currentUser","message":"inventory POST getCurrentUser result","data":{"hasCurrentUser":true,"userId":"user-abc"}}
{"sessionId":"d8eb0f","timestamp":1784779185843,"runId":"post-fix","hypothesisId":"H-B","location":"inventory/route.ts:POST:rateLimit","message":"inventory POST after rate limit","data":{"wasLimited":false,"limitedStatus":null}}
{"sessionId":"d8eb0f","timestamp":1784779185851,"runId":"post-fix","hypothesisId":"H-A","location":"inventory/route.ts:POST:permissions","message":"inventory POST after permissions","data":{"authorized":true,"scope":"GLOBAL","hasRequest":true}}
{"sessionId":"d8eb0f","timestamp":1784779185852,"runId":"post-fix","hypothesisId":"H-A","location":"inventory/route.ts:POST:currentUser","message":"inventory POST getCurrentUser result","data":{"hasCurrentUser":true,"userId":"user-abc"}}
{"sessionId":"d8eb0f","timestamp":1784779185853,"runId":"post-fix","hypothesisId":"H-B","location":"inventory/route.ts:POST:rateLimit","message":"inventory POST after rate limit","data":{"wasLimited":false,"limitedStatus":null}}
{"sessionId":"d8eb0f","runId":"post-fix","hypothesisId":"H-C","location":"current-user.ts:getCurrentUserState","message":"about to call connection()","data":{},"timestamp":1784779219253}
{"sessionId":"d8eb0f","runId":"post-fix","hypothesisId":"H-C","location":"current-user.ts:getCurrentUserState","message":"about to call connection()","data":{},"timestamp":1784779225668}
{"sessionId":"d8eb0f","runId":"post-fix","hypothesisId":"H-C","location":"current-user.ts:getCurrentUserState","message":"about to call connection()","data":{},"timestamp":1784779225842}
{"sessionId":"d8eb0f","runId":"post-fix","hypothesisId":"H-C","location":"current-user.ts:getCurrentUserState","message":"about to call connection()","data":{},"timestamp":1784779227428}
{"sessionId":"d8eb0f","runId":"post-fix","hypothesisId":"H-C","location":"current-user.ts:getCurrentUserState","message":"about to call connection()","data":{},"timestamp":1784779232451}
{"sessionId":"d8eb0f","runId":"post-fix","hypothesisId":"H-C","location":"current-user.ts:getCurrentUserState","message":"about to call connection()","data":{},"timestamp":1784779239420}
